[debug] [2022-07-07T22:42:02.780Z] ----------------------------------------------------------------------
[debug] [2022-07-07T22:42:02.781Z] Command:       /opt/homebrew/Cellar/node/18.4.0/bin/node /opt/homebrew/bin/firebase init hosting
[debug] [2022-07-07T22:42:02.781Z] CLI Version:   11.2.1
[debug] [2022-07-07T22:42:02.782Z] Platform:      darwin
[debug] [2022-07-07T22:42:02.782Z] Node Version:  v18.4.0
[debug] [2022-07-07T22:42:02.785Z] Time:          Thu Jul 07 2022 16:42:02 GMT-0600 (Mountain Daylight Time)
[debug] [2022-07-07T22:42:02.786Z] ----------------------------------------------------------------------
[debug] 
[debug] [2022-07-07T22:42:02.789Z] > command requires scopes: ["email","openid","https://www.googleapis.com/auth/cloudplatformprojects.readonly","https://www.googleapis.com/auth/firebase","https://www.googleapis.com/auth/cloud-platform"]
[debug] [2022-07-07T22:42:02.789Z] > authorizing via signed-in user (coopstrahan@gmail.com)
[info] 
     ######## #### ########  ######## ########     ###     ######  ########
     ##        ##  ##     ## ##       ##     ##  ##   ##  ##       ##
     ######    ##  ########  ######   ########  #########  ######  ######
     ##        ##  ##    ##  ##       ##     ## ##     ##       ## ##
     ##       #### ##     ## ######## ########  ##     ##  ######  ########

You're about to initialize a Firebase project in this directory:

  /Users/cooperstrahan/Documents/coops-website

[info] 
=== Project Setup
[info] 
[info] First, let's associate this project directory with a Firebase project.
[info] You can create multiple project aliases by running firebase use --add, 
[info] but for now we'll just set up a default project.
[info] 
[debug] [2022-07-07T22:42:04.310Z] >>> [apiv2][query] GET https://firebase.googleapis.com/v1beta1/projects pageSize=100
[debug] [2022-07-07T22:42:04.760Z] <<< [apiv2][status] GET https://firebase.googleapis.com/v1beta1/projects 200
[debug] [2022-07-07T22:42:04.760Z] <<< [apiv2][body] GET https://firebase.googleapis.com/v1beta1/projects [omitted]
[info] i  Using project coop-fdd02 (coop) 
[info] 
=== Hosting Setup
[info] 
[info] Your public directory is the folder (relative to your project directory) that
[info] will contain Hosting assets to be uploaded with firebase deploy. If you
[info] have a build process for your assets, use your build's output directory.
[info] 
[debug] [2022-07-07T22:42:34.086Z] >>> [apiv2][query] GET https://www.gstatic.com/firebasejs/releases.json [none]
[debug] [2022-07-07T22:42:34.281Z] <<< [apiv2][status] GET https://www.gstatic.com/firebasejs/releases.json 200
[debug] [2022-07-07T22:42:34.282Z] <<< [apiv2][body] GET https://www.gstatic.com/firebasejs/releases.json {"current":{"version":"9.8.4","browserURL":"https://www.gstatic.com/firebasejs/9.8.4/firebase.js","packageURL":"https://www.gstatic.com/firebasejs/9.8.4/firebase.tgz"},"live":{"version":"9.8","browserURL":"https://www.gstatic.com/firebasejs/live/9.8/firebase.js","packageURL":"https://www.gstatic.com/firebasejs/live/9.8/firebase.tgz"},"components":{"analytics":"https://www.gstatic.com/firebasejs/9.8.4/firebase-analytics.js","app":"https://www.gstatic.com/firebasejs/9.8.4/firebase-app.js","app-check":"https://www.gstatic.com/firebasejs/9.8.4/firebase-app-check.js","auth":"https://www.gstatic.com/firebasejs/9.8.4/firebase-auth.js","auth/cordova":"https://www.gstatic.com/firebasejs/9.8.4/firebase-auth/cordova.js","auth/react-native":"https://www.gstatic.com/firebasejs/9.8.4/firebase-auth/react-native.js","functions":"https://www.gstatic.com/firebasejs/9.8.4/firebase-functions.js","firestore":"https://www.gstatic.com/firebasejs/9.8.4/firebase-firestore.js","firestore/lite":"https://www.gstatic.com/firebasejs/9.8.4/firebase-firestore/lite.js","storage":"https://www.gstatic.com/firebasejs/9.8.4/firebase-storage.js","performance":"https://www.gstatic.com/firebasejs/9.8.4/firebase-performance.js","remote-config":"https://www.gstatic.com/firebasejs/9.8.4/firebase-remote-config.js","messaging":"https://www.gstatic.com/firebasejs/9.8.4/firebase-messaging.js","messaging/sw":"https://www.gstatic.com/firebasejs/9.8.4/firebase-messaging/sw.js","database":"https://www.gstatic.com/firebasejs/9.8.4/firebase-database.js","firestore.memory":"https://www.gstatic.com/firebasejs/9.8.4/firebase-firestore.memory.js"}}
[info] ✔  Wrote public/index.html 
[info] 
[info] i  Didn't detect a .git folder. Assuming /Users/cooperstrahan/Documents/coops-website is the project root. 
[info] i  Authorizing with GitHub to upload your service account to a GitHub repository's secrets store. 
[info] 
[info] Visit this URL on this device to log in:
[info] https://github.com/login/oauth/authorize?client_id=89cf50f02ac6aaed3484&state=787722909&redirect_uri=http%3A%2F%2Flocalhost%3A9005&scope=read%3Auser%20repo%20public_repo
[info] 
[info] Waiting for authentication...
[debug] [2022-07-07T22:43:19.711Z] >>> [apiv2][query] POST https://github.com/login/oauth/access_token [none]
[debug] [2022-07-07T22:43:19.712Z] >>> [apiv2][body] POST https://github.com/login/oauth/access_token [stream]
[debug] [2022-07-07T22:43:20.246Z] <<< [apiv2][status] POST https://github.com/login/oauth/access_token 200
[debug] [2022-07-07T22:43:20.247Z] <<< [apiv2][body] POST https://github.com/login/oauth/access_token {"access_token":"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","token_type":"bearer","scope":"read:user,repo"}
[debug] [2022-07-07T22:43:20.265Z] >>> [apiv2][query] GET https://api.github.com/user [none]
[debug] [2022-07-07T22:43:20.878Z] <<< [apiv2][status] GET https://api.github.com/user 200
[debug] [2022-07-07T22:43:20.879Z] <<< [apiv2][body] GET https://api.github.com/user {"login":"cooperstrahan","id":5920695,"node_id":"MDQ6VXNlcjU5MjA2OTU=","avatar_url":"https://avatars.githubusercontent.com/u/5920695?v=4","gravatar_id":"","url":"https://api.github.com/users/cooperstrahan","html_url":"https://github.com/cooperstrahan","followers_url":"https://api.github.com/users/cooperstrahan/followers","following_url":"https://api.github.com/users/cooperstrahan/following{/other_user}","gists_url":"https://api.github.com/users/cooperstrahan/gists{/gist_id}","starred_url":"https://api.github.com/users/cooperstrahan/starred{/owner}{/repo}","subscriptions_url":"https://api.github.com/users/cooperstrahan/subscriptions","organizations_url":"https://api.github.com/users/cooperstrahan/orgs","repos_url":"https://api.github.com/users/cooperstrahan/repos","events_url":"https://api.github.com/users/cooperstrahan/events{/privacy}","received_events_url":"https://api.github.com/users/cooperstrahan/received_events","type":"User","site_admin":false,"name":"Cooper Strahan","company":null,"blog":"https://www.linkedin.com/in/cooperstrahan/","location":null,"email":"cooperstrahan@gmail.com","hireable":null,"bio":null,"twitter_username":null,"public_repos":109,"public_gists":0,"followers":16,"following":18,"created_at":"2013-11-12T15:29:42Z","updated_at":"2022-05-03T15:40:11Z","private_gists":0,"total_private_repos":4,"owned_private_repos":4,"disk_usage":176557,"collaborators":5,"two_factor_authentication":true,"plan":{"name":"free","space":976562499,"collaborators":0,"private_repos":10000}}
[info] 
[info] ✔  Success! Logged into GitHub as cooperstrahan 
[info] 
